<?xml version="1.0" encoding="UTF-8"?>
<!-- Generated by org.testng.reporters.JUnitReportReporter -->
<testsuite skipped="0" hostname="LAPTOP-T0L2B6P2" name="testCases.TC1_Search" tests="1" failures="0" timestamp="20 Jan 2022 04:44:51 GMT" time="5.970" errors="0">
  <testcase name="SearchTest" time="5.970" classname="testCases.TC1_Search"/>
</testsuite> <!-- testCases.TC1_Search -->
